<?xml version="1.0" encoding="UTF-8"?>
<!-- Generated by org.testng.reporters.JUnitXMLReporter -->
<testsuite hostname="MuhammasMacBook.home" ignored="0" name="RandomScenarios" tests="7" failures="0" timestamp="25 Oct 2019 14:25:06 GMT" time="47.603" errors="0">
  <testcase name="verifyStringInTheTitle" time="0.15" classname="weightwatchersassignment.WeightWatchTest"/>
  <testcase name="findAStudioButtonClick" time="10.247" classname="weightwatchersassignment.WeightWatchTest"/>
  <testcase name="verifyStringInAFindAStudioPageTitle" time="0.05" classname="weightwatchersassignment.WeightWatchTest"/>
  <testcase name="enterZipCodeAndSearch" time="1.448" classname="weightwatchersassignment.WeightWatchTest"/>
  <testcase name="printTheTitleAndDistanceOfFirstResult" time="2.762" classname="weightwatchersassignment.WeightWatchTest"/>
  <testcase name="firstSearchClickAndNameMatch" time="3.266" classname="weightwatchersassignment.WeightWatchTest"/>
  <testcase name="printTodaysHoursOfOperation" time="0.87" classname="weightwatchersassignment.WeightWatchTest"/>
</testsuite> <!-- RandomScenarios -->
