<?xml version="1.0" encoding="UTF-8"?>
<!-- Generated by org.testng.reporters.JUnitXMLReporter -->
<testsuite hostname="MuhammasMacBook.home" ignored="0" name="Default test" tests="7" failures="0" timestamp="25 Oct 2019 14:20:47 GMT" time="46.331" errors="0">
  <testcase name="verifyStringInTheTitle" time="0.118" classname="weightwatchersassignment.WeightWatchTest"/>
  <testcase name="findAStudioButtonClick" time="9.037" classname="weightwatchersassignment.WeightWatchTest"/>
  <testcase name="verifyStringInAFindAStudioPageTitle" time="0.064" classname="weightwatchersassignment.WeightWatchTest"/>
  <testcase name="enterZipCodeAndSearch" time="1.144" classname="weightwatchersassignment.WeightWatchTest"/>
  <testcase name="printTheTitleAndDistanceOfFirstResult" time="2.674" classname="weightwatchersassignment.WeightWatchTest"/>
  <testcase name="firstSearchClickAndNameMatch" time="2.56" classname="weightwatchersassignment.WeightWatchTest"/>
  <testcase name="printTodaysHoursOfOperation" time="0.967" classname="weightwatchersassignment.WeightWatchTest"/>
</testsuite> <!-- Default test -->
